[0.013s] Invoking command in '/home/robprakt2/beer_ws/build/driver_cpp': AMENT_PREFIX_PATH=/home/robprakt2/beer_ws/install/prak_msgs:${AMENT_PREFIX_PATH} CMAKE_PREFIX_PATH=/home/robprakt2/beer_ws/install/prak_msgs:/home/robprakt2/Gruppe4_ws/install/vision:/home/robprakt2/Gruppe4_ws/install/search_behavior:/home/robprakt2/Gruppe4_ws/install/draw_controller:/home/robprakt2/Gruppe4_ws/install/controller:/home/robprakt2/Projekt_ws/install/height_control:/home/robprakt2/Projekt_ws/install/cutting_controller:/home/robprakt2/ws_moveit/install/robotiq_hardware_tests:/home/robprakt2/ws_moveit/install/robotiq_driver:/home/robprakt2/ws_moveit/install/serial:/home/robprakt2/ws_moveit/install/moveit2_tutorials:/home/robprakt2/ws_moveit/install/moveit_visual_tools:/home/robprakt2/ws_moveit/install/rviz_visual_tools:/home/robprakt2/ws_moveit/install/moveit_task_constructor_demo:/home/robprakt2/ws_moveit/install/moveit_task_constructor_visualization:/home/robprakt2/ws_moveit/install/moveit_task_constructor_capabilities:/home/robprakt2/ws_moveit/install/moveit_task_constructor_core:/home/robprakt2/ws_moveit/install/rviz_marker_tools:/home/robprakt2/ws_moveit/install/kortex_bringup:/home/robprakt2/ws_moveit/install/kinova_gen3_lite_moveit_config:/home/robprakt2/ws_moveit/install/kinova_gen3_7dof_robotiq_2f_85_moveit_config:/home/robprakt2/ws_moveit/install/kinova_gen3_6dof_robotiq_2f_85_moveit_config:/home/robprakt2/ws_moveit/install/kortex_description:/home/robprakt2/ws_moveit/install/robotiq_description:/home/robprakt2/ws_moveit/install/robotiq_controllers:/home/robprakt2/ws_moveit/install/pilz_industrial_motion_planner_testutils:/home/robprakt2/ws_moveit/install/moveit_runtime:/home/robprakt2/ws_moveit/install/moveit:/home/robprakt2/ws_moveit/install/moveit_planners:/home/robprakt2/ws_moveit/install/pilz_industrial_motion_planner:/home/robprakt2/ws_moveit/install/moveit_task_constructor_msgs:/home/robprakt2/ws_moveit/install/moveit_ros_control_interface:/home/robprakt2/ws_moveit/install/moveit_plugins:/home/robprakt2/ws_moveit/install/moveit_simple_controller_manager:/home/robprakt2/ws_moveit/install/moveit_setup_assistant:/home/robprakt2/ws_moveit/install/moveit_setup_srdf_plugins:/home/robprakt2/ws_moveit/install/moveit_setup_core_plugins:/home/robprakt2/ws_moveit/install/moveit_setup_controllers:/home/robprakt2/ws_moveit/install/moveit_setup_app_plugins:/home/robprakt2/ws_moveit/install/moveit_setup_framework:/home/robprakt2/ws_moveit/install/moveit_servo:/home/robprakt2/ws_moveit/install/moveit_ros_trajectory_cache:/home/robprakt2/ws_moveit/install/moveit_ros:/home/robprakt2/ws_moveit/install/moveit_ros_visualization:/home/robprakt2/ws_moveit/install/moveit_py:/home/robprakt2/ws_moveit/install/moveit_hybrid_planning:/home/robprakt2/ws_moveit/install/moveit_ros_planning_interface:/home/robprakt2/ws_moveit/install/moveit_ros_benchmarks:/home/robprakt2/ws_moveit/install/moveit_ros_warehouse:/home/robprakt2/ws_moveit/install/moveit_ros_robot_interaction:/home/robprakt2/ws_moveit/install/moveit_ros_perception:/home/robprakt2/ws_moveit/install/moveit_resources_prbt_pg70_support:/home/robprakt2/ws_moveit/install/moveit_resources_prbt_moveit_config:/home/robprakt2/ws_moveit/install/moveit_ros_move_group:/home/robprakt2/ws_moveit/install/moveit_planners_ompl:/home/robprakt2/ws_moveit/install/moveit_kinematics:/home/robprakt2/ws_moveit/install/moveit_ros_planning:/home/robprakt2/ws_moveit/install/moveit_ros_occupancy_map_monitor:/home/robprakt2/ws_moveit/install/moveit_resources_prbt_support:/home/robprakt2/ws_moveit/install/moveit_resources_prbt_ikfast_manipulator_plugin:/home/robprakt2/ws_moveit/install/moveit_resources:/home/robprakt2/ws_moveit/install/moveit_resources_pr2_description:/home/robprakt2/ws_moveit/install/moveit_resources_panda_moveit_config:/home/robprakt2/ws_moveit/install/dual_arm_panda_moveit_config:/home/robprakt2/ws_moveit/install/moveit_resources_panda_description:/home/robprakt2/ws_moveit/install/moveit_resources_fanuc_moveit_config:/home/robprakt2/ws_moveit/install/moveit_resources_fanuc_description:/home/robprakt2/ws_moveit/install/moveit_planners_stomp:/home/robprakt2/ws_moveit/install/moveit_planners_chomp:/home/robprakt2/ws_moveit/install/chomp_motion_planner:/home/robprakt2/ws_moveit/install/moveit_core:/home/robprakt2/ws_moveit/install/moveit_msgs:/home/robprakt2/ws_moveit/install/moveit_common:/home/robprakt2/ws_moveit/install/kortex_driver:/home/robprakt2/ws_moveit/install/kortex_api:/opt/ros/kilted/opt/gz_sim_vendor:/opt/ros/kilted/opt/gz_sensors_vendor:/opt/ros/kilted/opt/gz_physics_vendor:/opt/ros/kilted/opt/sdformat_vendor:/opt/ros/kilted/opt/gz_gui_vendor:/opt/ros/kilted/opt/gz_transport_vendor:/opt/ros/kilted/opt/gz_rendering_vendor:/opt/ros/kilted/opt/gz_plugin_vendor:/opt/ros/kilted/opt/gz_fuel_tools_vendor:/opt/ros/kilted/opt/gz_msgs_vendor:/opt/ros/kilted/opt/gz_common_vendor:/opt/ros/kilted/opt/gz_math_vendor:/opt/ros/kilted/opt/gz_utils_vendor:/opt/ros/kilted/opt/gz_tools_vendor:/opt/ros/kilted/opt/gz_ogre_next_vendor:/opt/ros/kilted/opt/gz_dartsim_vendor:/opt/ros/kilted/opt/gz_cmake_vendor:/home/robprakt2/ws_moveit/install/moveit_configs_utils:/home/robprakt2/ws_moveit/install/RobPrakTEI:/opt/ros/kilted DEBUGINFOD_URLS=https://debuginfod.ubuntu.com LD_LIBRARY_PATH=/home/robprakt2/beer_ws/install/prak_msgs/lib:${LD_LIBRARY_PATH} PYTHONPATH=/home/robprakt2/beer_ws/install/prak_msgs/lib/python3.12/site-packages:${PYTHONPATH} /usr/bin/cmake --build /home/robprakt2/beer_ws/build/driver_cpp -- -j12 -l12
[0.064s] [ 50%] Built target actuator_action_server
[0.072s] [ 75%] [32mBuilding CXX object CMakeFiles/actuator_driver_node.dir/src/actuator_driver_node.cpp.o[0m
[3.000s] [01m[K/home/robprakt2/beer_ws/src/driver_cpp/src/actuator_driver_node.cpp:201:21:[m[K [01;31m[Kerror: [m[Kâ€˜[01m[KBool[m[Kâ€™ was not declared in this scope; did you mean â€˜[01m[Kstd_msgs::msg::Bool[m[Kâ€™?
[3.000s]   201 |   rclcpp::Publisher<[01;31m[KBool[m[K>::SharedPtr pose_reached_pub_;
[3.000s]       |                     [01;31m[K^~~~[m[K
[3.000s]       |                     [32m[Kstd_msgs::msg::Bool[m[K
[3.000s] In file included from [01m[K/opt/ros/kilted/include/std_msgs/std_msgs/msg/bool.hpp:7[m[K,
[3.000s]                  from [01m[K/home/robprakt2/beer_ws/src/driver_cpp/src/actuator_driver_node.cpp:6[m[K:
[3.000s] [01m[K/opt/ros/kilted/include/std_msgs/std_msgs/msg/detail/bool__struct.hpp:125:7:[m[K [01;36m[Knote: [m[Kâ€˜[01m[Kstd_msgs::msg::Bool[m[Kâ€™ declared here
[3.001s]   125 | using [01;36m[KBool[m[K =
[3.001s]       |       [01;36m[K^~~~[m[K
[3.001s] [01m[K/home/robprakt2/beer_ws/src/driver_cpp/src/actuator_driver_node.cpp:201:25:[m[K [01;31m[Kerror: [m[Ktemplate argument 1 is invalid
[3.001s]   201 |   rclcpp::Publisher<Bool[01;31m[K>[m[K::SharedPtr pose_reached_pub_;
[3.001s]       |                         [01;31m[K^[m[K
[3.001s] [01m[K/home/robprakt2/beer_ws/src/driver_cpp/src/actuator_driver_node.cpp:201:28:[m[K [01;31m[Kerror: [m[Kexpected â€˜[01m[K;[m[Kâ€™ at end of member declaration
[3.001s]   201 |   rclcpp::Publisher<Bool>::[01;31m[KSharedPtr[m[K pose_reached_pub_;
[3.001s]       |                            [01;31m[K^~~~~~~~~[m[K
[3.001s]       |                                     [32m[K;[m[K
[3.004s] [01m[K/home/robprakt2/beer_ws/src/driver_cpp/src/actuator_driver_node.cpp:201:38:[m[K [01;31m[Kerror: [m[Kâ€˜[01m[Kpose_reached_pub_[m[Kâ€™ does not name a type
[3.004s]   201 |   rclcpp::Publisher<Bool>::SharedPtr [01;31m[Kpose_reached_pub_[m[K;
[3.004s]       |                                      [01;31m[K^~~~~~~~~~~~~~~~~[m[K
[3.019s] [01m[K/home/robprakt2/beer_ws/src/driver_cpp/src/actuator_driver_node.cpp:[m[K In constructor â€˜[01m[KActuatorDriverNode::[01;32m[KActuatorDriverNode[m[K()[m[Kâ€™:
[3.019s] [01m[K/home/robprakt2/beer_ws/src/driver_cpp/src/actuator_driver_node.cpp:33:5:[m[K [01;31m[Kerror: [m[Kâ€˜[01m[Kpose_reached_pub_[m[Kâ€™ was not declared in this scope
[3.019s]    33 |     [01;31m[Kpose_reached_pub_[m[K = this->create_publisher<Bool>("/driver/pose_reached", 10);
[3.019s]       |     [01;31m[K^~~~~~~~~~~~~~~~~[m[K
[3.019s] [01m[K/home/robprakt2/beer_ws/src/driver_cpp/src/actuator_driver_node.cpp:33:48:[m[K [01;31m[Kerror: [m[Kâ€˜[01m[KBool[m[Kâ€™ was not declared in this scope; did you mean â€˜[01m[Kstd_msgs::msg::Bool[m[Kâ€™?
[3.020s]    33 |     pose_reached_pub_ = this->create_publisher<[01;31m[KBool[m[K>("/driver/pose_reached", 10);
[3.020s]       |                                                [01;31m[K^~~~[m[K
[3.020s]       |                                                [32m[Kstd_msgs::msg::Bool[m[K
[3.020s] [01m[K/opt/ros/kilted/include/std_msgs/std_msgs/msg/detail/bool__struct.hpp:125:7:[m[K [01;36m[Knote: [m[Kâ€˜[01m[Kstd_msgs::msg::Bool[m[Kâ€™ declared here
[3.020s]   125 | using [01;36m[KBool[m[K =
[3.020s]       |       [01;36m[K^~~~[m[K
[3.020s] [01m[K/home/robprakt2/beer_ws/src/driver_cpp/src/actuator_driver_node.cpp:33:53:[m[K [01;31m[Kerror: [m[Kno matching function for call to â€˜[01m[KActuatorDriverNode::create_publisher<<expression error> >(const char [21], int)[m[Kâ€™
[3.020s]    33 |     pose_reached_pub_ = [01;31m[Kthis->create_publisher<Bool>("/driver/pose_reached", 10)[m[K;
[3.020s]       |                         [01;31m[K~~~~~~~~~~~~~~~~~~~~~~~~~~~~^~~~~~~~~~~~~~~~~~~~~~~~~~~~[m[K
[3.020s] In file included from [01m[K/opt/ros/kilted/include/rclcpp/rclcpp/executors/single_threaded_executor.hpp:28[m[K,
[3.020s]                  from [01m[K/opt/ros/kilted/include/rclcpp/rclcpp/executors.hpp:22[m[K,
[3.020s]                  from [01m[K/opt/ros/kilted/include/rclcpp/rclcpp/rclcpp.hpp:172[m[K,
[3.020s]                  from [01m[K/home/robprakt2/beer_ws/src/driver_cpp/src/actuator_driver_node.cpp:1[m[K:
[3.020s] [01m[K/opt/ros/kilted/include/rclcpp/rclcpp/node.hpp:198:3:[m[K [01;36m[Knote: [m[Kcandidate: â€˜[01m[Ktemplate<class MessageT, class AllocatorT, class PublisherT> std::shared_ptr<PublisherT> rclcpp::Node::[01;32m[Kcreate_publisher[m[K(const std::string&, const rclcpp::QoS&, const rclcpp::PublisherOptionsWithAllocator<AllocatorT>&)[m[Kâ€™
[3.020s]   198 |   [01;36m[Kcreate_publisher[m[K(
[3.020s]       |   [01;36m[K^~~~~~~~~~~~~~~~[m[K
[3.020s] [01m[K/opt/ros/kilted/include/rclcpp/rclcpp/node.hpp:198:3:[m[K [01;36m[Knote: [m[K  template argument deduction/substitution failed:
[3.021s] [01m[K/home/robprakt2/beer_ws/src/driver_cpp/src/actuator_driver_node.cpp:33:53:[m[K [01;31m[Kerror: [m[Ktemplate argument 1 is invalid
[3.021s]    33 |     pose_reached_pub_ = [01;31m[Kthis->create_publisher<Bool>("/driver/pose_reached", 10)[m[K;
[3.021s]       |                         [01;31m[K~~~~~~~~~~~~~~~~~~~~~~~~~~~~^~~~~~~~~~~~~~~~~~~~~~~~~~~~[m[K
[3.030s] [01m[K/home/robprakt2/beer_ws/src/driver_cpp/src/actuator_driver_node.cpp:[m[K In member function â€˜[01m[Kvoid ActuatorDriverNode::[01;32m[KpublishPoseReached[m[K(bool)[m[Kâ€™:
[3.030s] [01m[K/home/robprakt2/beer_ws/src/driver_cpp/src/actuator_driver_node.cpp:59:5:[m[K [01;31m[Kerror: [m[Kâ€˜[01m[Kpose_reached_pub_[m[Kâ€™ was not declared in this scope
[3.030s]    59 |     [01;31m[Kpose_reached_pub_[m[K->publish(msg);
[3.030s]       |     [01;31m[K^~~~~~~~~~~~~~~~~[m[K
[5.466s] gmake[2]: *** [CMakeFiles/actuator_driver_node.dir/build.make:76: CMakeFiles/actuator_driver_node.dir/src/actuator_driver_node.cpp.o] Error 1
[5.466s] gmake[1]: *** [CMakeFiles/Makefile2:139: CMakeFiles/actuator_driver_node.dir/all] Error 2
[5.466s] gmake: *** [Makefile:146: all] Error 2
[5.467s] Invoked command in '/home/robprakt2/beer_ws/build/driver_cpp' returned '2': AMENT_PREFIX_PATH=/home/robprakt2/beer_ws/install/prak_msgs:${AMENT_PREFIX_PATH} CMAKE_PREFIX_PATH=/home/robprakt2/beer_ws/install/prak_msgs:/home/robprakt2/Gruppe4_ws/install/vision:/home/robprakt2/Gruppe4_ws/install/search_behavior:/home/robprakt2/Gruppe4_ws/install/draw_controller:/home/robprakt2/Gruppe4_ws/install/controller:/home/robprakt2/Projekt_ws/install/height_control:/home/robprakt2/Projekt_ws/install/cutting_controller:/home/robprakt2/ws_moveit/install/robotiq_hardware_tests:/home/robprakt2/ws_moveit/install/robotiq_driver:/home/robprakt2/ws_moveit/install/serial:/home/robprakt2/ws_moveit/install/moveit2_tutorials:/home/robprakt2/ws_moveit/install/moveit_visual_tools:/home/robprakt2/ws_moveit/install/rviz_visual_tools:/home/robprakt2/ws_moveit/install/moveit_task_constructor_demo:/home/robprakt2/ws_moveit/install/moveit_task_constructor_visualization:/home/robprakt2/ws_moveit/install/moveit_task_constructor_capabilities:/home/robprakt2/ws_moveit/install/moveit_task_constructor_core:/home/robprakt2/ws_moveit/install/rviz_marker_tools:/home/robprakt2/ws_moveit/install/kortex_bringup:/home/robprakt2/ws_moveit/install/kinova_gen3_lite_moveit_config:/home/robprakt2/ws_moveit/install/kinova_gen3_7dof_robotiq_2f_85_moveit_config:/home/robprakt2/ws_moveit/install/kinova_gen3_6dof_robotiq_2f_85_moveit_config:/home/robprakt2/ws_moveit/install/kortex_description:/home/robprakt2/ws_moveit/install/robotiq_description:/home/robprakt2/ws_moveit/install/robotiq_controllers:/home/robprakt2/ws_moveit/install/pilz_industrial_motion_planner_testutils:/home/robprakt2/ws_moveit/install/moveit_runtime:/home/robprakt2/ws_moveit/install/moveit:/home/robprakt2/ws_moveit/install/moveit_planners:/home/robprakt2/ws_moveit/install/pilz_industrial_motion_planner:/home/robprakt2/ws_moveit/install/moveit_task_constructor_msgs:/home/robprakt2/ws_moveit/install/moveit_ros_control_interface:/home/robprakt2/ws_moveit/install/moveit_plugins:/home/robprakt2/ws_moveit/install/moveit_simple_controller_manager:/home/robprakt2/ws_moveit/install/moveit_setup_assistant:/home/robprakt2/ws_moveit/install/moveit_setup_srdf_plugins:/home/robprakt2/ws_moveit/install/moveit_setup_core_plugins:/home/robprakt2/ws_moveit/install/moveit_setup_controllers:/home/robprakt2/ws_moveit/install/moveit_setup_app_plugins:/home/robprakt2/ws_moveit/install/moveit_setup_framework:/home/robprakt2/ws_moveit/install/moveit_servo:/home/robprakt2/ws_moveit/install/moveit_ros_trajectory_cache:/home/robprakt2/ws_moveit/install/moveit_ros:/home/robprakt2/ws_moveit/install/moveit_ros_visualization:/home/robprakt2/ws_moveit/install/moveit_py:/home/robprakt2/ws_moveit/install/moveit_hybrid_planning:/home/robprakt2/ws_moveit/install/moveit_ros_planning_interface:/home/robprakt2/ws_moveit/install/moveit_ros_benchmarks:/home/robprakt2/ws_moveit/install/moveit_ros_warehouse:/home/robprakt2/ws_moveit/install/moveit_ros_robot_interaction:/home/robprakt2/ws_moveit/install/moveit_ros_perception:/home/robprakt2/ws_moveit/install/moveit_resources_prbt_pg70_support:/home/robprakt2/ws_moveit/install/moveit_resources_prbt_moveit_config:/home/robprakt2/ws_moveit/install/moveit_ros_move_group:/home/robprakt2/ws_moveit/install/moveit_planners_ompl:/home/robprakt2/ws_moveit/install/moveit_kinematics:/home/robprakt2/ws_moveit/install/moveit_ros_planning:/home/robprakt2/ws_moveit/install/moveit_ros_occupancy_map_monitor:/home/robprakt2/ws_moveit/install/moveit_resources_prbt_support:/home/robprakt2/ws_moveit/install/moveit_resources_prbt_ikfast_manipulator_plugin:/home/robprakt2/ws_moveit/install/moveit_resources:/home/robprakt2/ws_moveit/install/moveit_resources_pr2_description:/home/robprakt2/ws_moveit/install/moveit_resources_panda_moveit_config:/home/robprakt2/ws_moveit/install/dual_arm_panda_moveit_config:/home/robprakt2/ws_moveit/install/moveit_resources_panda_description:/home/robprakt2/ws_moveit/install/moveit_resources_fanuc_moveit_config:/home/robprakt2/ws_moveit/install/moveit_resources_fanuc_description:/home/robprakt2/ws_moveit/install/moveit_planners_stomp:/home/robprakt2/ws_moveit/install/moveit_planners_chomp:/home/robprakt2/ws_moveit/install/chomp_motion_planner:/home/robprakt2/ws_moveit/install/moveit_core:/home/robprakt2/ws_moveit/install/moveit_msgs:/home/robprakt2/ws_moveit/install/moveit_common:/home/robprakt2/ws_moveit/install/kortex_driver:/home/robprakt2/ws_moveit/install/kortex_api:/opt/ros/kilted/opt/gz_sim_vendor:/opt/ros/kilted/opt/gz_sensors_vendor:/opt/ros/kilted/opt/gz_physics_vendor:/opt/ros/kilted/opt/sdformat_vendor:/opt/ros/kilted/opt/gz_gui_vendor:/opt/ros/kilted/opt/gz_transport_vendor:/opt/ros/kilted/opt/gz_rendering_vendor:/opt/ros/kilted/opt/gz_plugin_vendor:/opt/ros/kilted/opt/gz_fuel_tools_vendor:/opt/ros/kilted/opt/gz_msgs_vendor:/opt/ros/kilted/opt/gz_common_vendor:/opt/ros/kilted/opt/gz_math_vendor:/opt/ros/kilted/opt/gz_utils_vendor:/opt/ros/kilted/opt/gz_tools_vendor:/opt/ros/kilted/opt/gz_ogre_next_vendor:/opt/ros/kilted/opt/gz_dartsim_vendor:/opt/ros/kilted/opt/gz_cmake_vendor:/home/robprakt2/ws_moveit/install/moveit_configs_utils:/home/robprakt2/ws_moveit/install/RobPrakTEI:/opt/ros/kilted DEBUGINFOD_URLS=https://debuginfod.ubuntu.com LD_LIBRARY_PATH=/home/robprakt2/beer_ws/install/prak_msgs/lib:${LD_LIBRARY_PATH} PYTHONPATH=/home/robprakt2/beer_ws/install/prak_msgs/lib/python3.12/site-packages:${PYTHONPATH} /usr/bin/cmake --build /home/robprakt2/beer_ws/build/driver_cpp -- -j12 -l12
