[01m[K/home/robprakt2/beer_ws/src/driver_cpp/src/actuator_driver_node.cpp:202:21:[m[K [01;31m[Kerror: [m[Kâ€˜[01m[KBool[m[Kâ€™ was not declared in this scope; did you mean â€˜[01m[Kstd_msgs::msg::Bool[m[Kâ€™?
  202 |   rclcpp::Publisher<[01;31m[KBool[m[K>::SharedPtr pose_reached_pub_;
      |                     [01;31m[K^~~~[m[K
      |                     [32m[Kstd_msgs::msg::Bool[m[K
In file included from [01m[K/opt/ros/kilted/include/std_msgs/std_msgs/msg/bool.hpp:7[m[K,
                 from [01m[K/home/robprakt2/beer_ws/src/driver_cpp/src/actuator_driver_node.cpp:6[m[K:
[01m[K/opt/ros/kilted/include/std_msgs/std_msgs/msg/detail/bool__struct.hpp:125:7:[m[K [01;36m[Knote: [m[Kâ€˜[01m[Kstd_msgs::msg::Bool[m[Kâ€™ declared here
  125 | using [01;36m[KBool[m[K =
      |       [01;36m[K^~~~[m[K
[01m[K/home/robprakt2/beer_ws/src/driver_cpp/src/actuator_driver_node.cpp:202:25:[m[K [01;31m[Kerror: [m[Ktemplate argument 1 is invalid
  202 |   rclcpp::Publisher<Bool[01;31m[K>[m[K::SharedPtr pose_reached_pub_;
      |                         [01;31m[K^[m[K
[01m[K/home/robprakt2/beer_ws/src/driver_cpp/src/actuator_driver_node.cpp:202:28:[m[K [01;31m[Kerror: [m[Kexpected â€˜[01m[K;[m[Kâ€™ at end of member declaration
  202 |   rclcpp::Publisher<Bool>::[01;31m[KSharedPtr[m[K pose_reached_pub_;
      |                            [01;31m[K^~~~~~~~~[m[K
      |                                     [32m[K;[m[K
[01m[K/home/robprakt2/beer_ws/src/driver_cpp/src/actuator_driver_node.cpp:202:38:[m[K [01;31m[Kerror: [m[Kâ€˜[01m[Kpose_reached_pub_[m[Kâ€™ does not name a type
  202 |   rclcpp::Publisher<Bool>::SharedPtr [01;31m[Kpose_reached_pub_[m[K;
      |                                      [01;31m[K^~~~~~~~~~~~~~~~~[m[K
[01m[K/home/robprakt2/beer_ws/src/driver_cpp/src/actuator_driver_node.cpp:[m[K In constructor â€˜[01m[KActuatorDriverNode::[01;32m[KActuatorDriverNode[m[K()[m[Kâ€™:
[01m[K/home/robprakt2/beer_ws/src/driver_cpp/src/actuator_driver_node.cpp:33:5:[m[K [01;31m[Kerror: [m[Kâ€˜[01m[Kpose_reached_pub_[m[Kâ€™ was not declared in this scope
   33 |     [01;31m[Kpose_reached_pub_[m[K = this->create_publisher<Bool>("/driver/pose_reached", 10);
      |     [01;31m[K^~~~~~~~~~~~~~~~~[m[K
[01m[K/home/robprakt2/beer_ws/src/driver_cpp/src/actuator_driver_node.cpp:33:48:[m[K [01;31m[Kerror: [m[Kâ€˜[01m[KBool[m[Kâ€™ was not declared in this scope; did you mean â€˜[01m[Kstd_msgs::msg::Bool[m[Kâ€™?
   33 |     pose_reached_pub_ = this->create_publisher<[01;31m[KBool[m[K>("/driver/pose_reached", 10);
      |                                                [01;31m[K^~~~[m[K
      |                                                [32m[Kstd_msgs::msg::Bool[m[K
[01m[K/opt/ros/kilted/include/std_msgs/std_msgs/msg/detail/bool__struct.hpp:125:7:[m[K [01;36m[Knote: [m[Kâ€˜[01m[Kstd_msgs::msg::Bool[m[Kâ€™ declared here
  125 | using [01;36m[KBool[m[K =
      |       [01;36m[K^~~~[m[K
[01m[K/home/robprakt2/beer_ws/src/driver_cpp/src/actuator_driver_node.cpp:33:53:[m[K [01;31m[Kerror: [m[Kno matching function for call to â€˜[01m[KActuatorDriverNode::create_publisher<<expression error> >(const char [21], int)[m[Kâ€™
   33 |     pose_reached_pub_ = [01;31m[Kthis->create_publisher<Bool>("/driver/pose_reached", 10)[m[K;
      |                         [01;31m[K~~~~~~~~~~~~~~~~~~~~~~~~~~~~^~~~~~~~~~~~~~~~~~~~~~~~~~~~[m[K
In file included from [01m[K/opt/ros/kilted/include/rclcpp/rclcpp/executors/single_threaded_executor.hpp:28[m[K,
                 from [01m[K/opt/ros/kilted/include/rclcpp/rclcpp/executors.hpp:22[m[K,
                 from [01m[K/opt/ros/kilted/include/rclcpp/rclcpp/rclcpp.hpp:172[m[K,
                 from [01m[K/home/robprakt2/beer_ws/src/driver_cpp/src/actuator_driver_node.cpp:1[m[K:
[01m[K/opt/ros/kilted/include/rclcpp/rclcpp/node.hpp:198:3:[m[K [01;36m[Knote: [m[Kcandidate: â€˜[01m[Ktemplate<class MessageT, class AllocatorT, class PublisherT> std::shared_ptr<PublisherT> rclcpp::Node::[01;32m[Kcreate_publisher[m[K(const std::string&, const rclcpp::QoS&, const rclcpp::PublisherOptionsWithAllocator<AllocatorT>&)[m[Kâ€™
  198 |   [01;36m[Kcreate_publisher[m[K(
      |   [01;36m[K^~~~~~~~~~~~~~~~[m[K
[01m[K/opt/ros/kilted/include/rclcpp/rclcpp/node.hpp:198:3:[m[K [01;36m[Knote: [m[K  template argument deduction/substitution failed:
[01m[K/home/robprakt2/beer_ws/src/driver_cpp/src/actuator_driver_node.cpp:33:53:[m[K [01;31m[Kerror: [m[Ktemplate argument 1 is invalid
   33 |     pose_reached_pub_ = [01;31m[Kthis->create_publisher<Bool>("/driver/pose_reached", 10)[m[K;
      |                         [01;31m[K~~~~~~~~~~~~~~~~~~~~~~~~~~~~^~~~~~~~~~~~~~~~~~~~~~~~~~~~[m[K
[01m[K/home/robprakt2/beer_ws/src/driver_cpp/src/actuator_driver_node.cpp:[m[K In member function â€˜[01m[Kvoid ActuatorDriverNode::[01;32m[KpublishPoseReached[m[K(bool)[m[Kâ€™:
[01m[K/home/robprakt2/beer_ws/src/driver_cpp/src/actuator_driver_node.cpp:59:5:[m[K [01;31m[Kerror: [m[Kâ€˜[01m[Kpose_reached_pub_[m[Kâ€™ was not declared in this scope
   59 |     [01;31m[Kpose_reached_pub_[m[K->publish(msg);
      |     [01;31m[K^~~~~~~~~~~~~~~~~[m[K
gmake[2]: *** [CMakeFiles/actuator_driver_node.dir/build.make:76: CMakeFiles/actuator_driver_node.dir/src/actuator_driver_node.cpp.o] Error 1
gmake[1]: *** [CMakeFiles/Makefile2:139: CMakeFiles/actuator_driver_node.dir/all] Error 2
gmake: *** [Makefile:146: all] Error 2
